This file contains any messages produced by compilers while
running configure, to aid debugging if configure makes a mistake.

It was created by Lemon Launcher configure 0.0.6, which was
generated by GNU Autoconf 2.69.  Invocation command line was

  $ ./configure --no-create --no-recursion

## --------- ##
## Platform. ##
## --------- ##

hostname = pi2jamma
uname -m = armv7l
uname -r = 4.14.37-1-ARCH
uname -s = Linux
uname -v = #1 SMP Fri Apr 27 00:45:59 UTC 2018

/usr/bin/uname -p = unknown
/bin/uname -X     = unknown

/bin/arch              = unknown
/usr/bin/arch -k       = unknown
/usr/convex/getsysinfo = unknown
/usr/bin/hostinfo      = unknown
/bin/machine           = unknown
/usr/bin/oslevel       = unknown
/bin/universe          = unknown

PATH: /usr/local/sbin
PATH: /usr/local/bin
PATH: /usr/bin
PATH: /usr/lib/jvm/default/bin
PATH: /usr/bin/site_perl
PATH: /usr/bin/vendor_perl
PATH: /usr/bin/core_perl


## ----------- ##
## Core tests. ##
## ----------- ##

configure:1975: checking for a BSD-compatible install
configure:2043: result: /usr/bin/install -c
configure:2054: checking whether build environment is sane
configure:2091: result: yes
configure:2145: checking for gawk
configure:2161: found /usr/bin/gawk
configure:2172: result: gawk
configure:2183: checking whether make sets $(MAKE)
configure:2205: result: yes
configure:2436: checking for gcc
configure:2452: found /usr/bin/gcc
configure:2463: result: gcc
configure:2692: checking for C compiler version
configure:2701: gcc --version >&5
gcc (GCC) 8.2.0
Copyright (C) 2018 Free Software Foundation, Inc.
This is free software; see the source for copying conditions.  There is NO
warranty; not even for MERCHANTABILITY or FITNESS FOR A PARTICULAR PURPOSE.

configure:2712: $? = 0
configure:2701: gcc -v >&5
Using built-in specs.
COLLECT_GCC=gcc
COLLECT_LTO_WRAPPER=/usr/lib/gcc/armv7l-unknown-linux-gnueabihf/8.2.0/lto-wrapper
Target: armv7l-unknown-linux-gnueabihf
Configured with: /build/gcc/src/gcc/configure --prefix=/usr --libdir=/usr/lib --libexecdir=/usr/lib --mandir=/usr/share/man --infodir=/usr/share/info --with-bugurl=https://github.com/archlinuxarm/PKGBUILDs/issues --enable-languages=c,c++,fortran,go,lto,objc,obj-c++ --enable-shared --enable-threads=posix --with-system-zlib --with-isl --enable-__cxa_atexit --disable-libunwind-exceptions --enable-clocale=gnu --disable-libstdcxx-pch --disable-libssp --enable-gnu-unique-object --enable-linker-build-id --enable-lto --enable-plugin --enable-install-libiberty --with-linker-hash-style=gnu --enable-gnu-indirect-function --disable-multilib --disable-werror --enable-checking=release --enable-default-pie --enable-default-ssp --host=armv7l-unknown-linux-gnueabihf --build=armv7l-unknown-linux-gnueabihf --with-arch=armv7-a --with-float=hard --with-fpu=vfpv3-d16
Thread model: posix
gcc version 8.2.0 (GCC) 
configure:2712: $? = 0
configure:2701: gcc -V >&5
gcc: error: unrecognized command line option '-V'
gcc: fatal error: no input files
compilation terminated.
configure:2712: $? = 1
configure:2701: gcc -qversion >&5
gcc: error: unrecognized command line option '-qversion'; did you mean '--version'?
gcc: fatal error: no input files
compilation terminated.
configure:2712: $? = 1
configure:2732: checking whether the C compiler works
configure:2754: gcc    conftest.c  >&5
configure:2758: $? = 0
configure:2806: result: yes
configure:2809: checking for C compiler default output file name
configure:2811: result: a.out
configure:2817: checking for suffix of executables
configure:2824: gcc -o conftest    conftest.c  >&5
configure:2828: $? = 0
configure:2850: result: 
configure:2872: checking whether we are cross compiling
configure:2880: gcc -o conftest    conftest.c  >&5
configure:2884: $? = 0
configure:2891: ./conftest
configure:2895: $? = 0
configure:2910: result: no
configure:2915: checking for suffix of object files
configure:2937: gcc -c   conftest.c >&5
configure:2941: $? = 0
configure:2962: result: o
configure:2966: checking whether we are using the GNU C compiler
configure:2985: gcc -c   conftest.c >&5
configure:2985: $? = 0
configure:2994: result: yes
configure:3003: checking whether gcc accepts -g
configure:3023: gcc -c -g  conftest.c >&5
configure:3023: $? = 0
configure:3064: result: yes
configure:3081: checking for gcc option to accept ISO C89
configure:3144: gcc  -c -g -O2  conftest.c >&5
configure:3144: $? = 0
configure:3157: result: none needed
configure:3188: checking for style of include used by make
configure:3216: result: GNU
configure:3244: checking dependency style of gcc
configure:3327: result: gcc3
configure:3402: checking for g++
configure:3418: found /usr/bin/g++
configure:3429: result: g++
configure:3456: checking for C++ compiler version
configure:3465: g++ --version >&5
g++ (GCC) 8.2.0
Copyright (C) 2018 Free Software Foundation, Inc.
This is free software; see the source for copying conditions.  There is NO
warranty; not even for MERCHANTABILITY or FITNESS FOR A PARTICULAR PURPOSE.

configure:3476: $? = 0
configure:3465: g++ -v >&5
Using built-in specs.
COLLECT_GCC=g++
COLLECT_LTO_WRAPPER=/usr/lib/gcc/armv7l-unknown-linux-gnueabihf/8.2.0/lto-wrapper
Target: armv7l-unknown-linux-gnueabihf
Configured with: /build/gcc/src/gcc/configure --prefix=/usr --libdir=/usr/lib --libexecdir=/usr/lib --mandir=/usr/share/man --infodir=/usr/share/info --with-bugurl=https://github.com/archlinuxarm/PKGBUILDs/issues --enable-languages=c,c++,fortran,go,lto,objc,obj-c++ --enable-shared --enable-threads=posix --with-system-zlib --with-isl --enable-__cxa_atexit --disable-libunwind-exceptions --enable-clocale=gnu --disable-libstdcxx-pch --disable-libssp --enable-gnu-unique-object --enable-linker-build-id --enable-lto --enable-plugin --enable-install-libiberty --with-linker-hash-style=gnu --enable-gnu-indirect-function --disable-multilib --disable-werror --enable-checking=release --enable-default-pie --enable-default-ssp --host=armv7l-unknown-linux-gnueabihf --build=armv7l-unknown-linux-gnueabihf --with-arch=armv7-a --with-float=hard --with-fpu=vfpv3-d16
Thread model: posix
gcc version 8.2.0 (GCC) 
configure:3476: $? = 0
configure:3465: g++ -V >&5
g++: error: unrecognized command line option '-V'
g++: fatal error: no input files
compilation terminated.
configure:3476: $? = 1
configure:3465: g++ -qversion >&5
g++: error: unrecognized command line option '-qversion'; did you mean '--version'?
g++: fatal error: no input files
compilation terminated.
configure:3476: $? = 1
configure:3480: checking whether we are using the GNU C++ compiler
configure:3499: g++ -c   conftest.cpp >&5
configure:3499: $? = 0
configure:3508: result: yes
configure:3517: checking whether g++ accepts -g
configure:3537: g++ -c -g  conftest.cpp >&5
configure:3537: $? = 0
configure:3578: result: yes
configure:3603: checking dependency style of g++
configure:3686: result: gcc3
configure:3705: checking whether the compiler implements namespaces
configure:3728: g++ -c -g -O2  conftest.cpp >&5
configure:3728: $? = 0
configure:3742: result: yes
configure:3750: checking whether the compiler supports Standard Template Library
configure:3779: g++ -c -g -O2  conftest.cpp >&5
configure:3779: $? = 0
configure:3793: result: yes
configure:3832: checking for cfg_init in -lconfuse
configure:3857: g++ -o conftest -g -O2   conftest.cpp -lconfuse   >&5
configure:3857: $? = 0
configure:3866: result: yes
configure:3880: checking for main in -lstdc++
configure:3899: g++ -o conftest -g -O2   conftest.cpp -lstdc++  -lconfuse  >&5
configure:3899: $? = 0
configure:3908: result: yes
configure:3964: checking for sdl-config
configure:3982: found /usr/local/bin/sdl-config
configure:3995: result: /usr/local/bin/sdl-config
configure:4004: checking for SDL - version >= 0.0.0
configure:4091: g++ -o conftest -g -O2 -I/tmp/sdl/include/SDL -D_GNU_SOURCE=1 -D_REENTRANT   conftest.cpp -lstdc++ -lconfuse  -L/tmp/sdl/lib -Wl,-rpath,/tmp/sdl/lib -lSDL -lpthread >&5
conftest.cpp: In function 'int main(int, char**)':
conftest.cpp:48:34: warning: ISO C++ forbids converting a string constant to 'char*' [-Wwrite-strings]
   tmp_version = my_strdup("0.0.0");
                                  ^
configure:4091: $? = 0
configure:4091: ./conftest
configure:4091: $? = 0
configure:4106: result: yes
configure:4176: checking for main in -lSDL_image
configure:4195: g++ -o conftest -g -O2   conftest.cpp -lSDL_image  -lstdc++ -lconfuse  -L/tmp/sdl/lib -Wl,-rpath,/tmp/sdl/lib -lSDL -lpthread >&5
configure:4195: $? = 0
configure:4204: result: yes
configure:4218: checking for main in -lSDL_gfx
configure:4237: g++ -o conftest -g -O2   conftest.cpp -lSDL_gfx  -lSDL_image -lstdc++ -lconfuse  -L/tmp/sdl/lib -Wl,-rpath,/tmp/sdl/lib -lSDL -lpthread >&5
configure:4237: $? = 0
configure:4246: result: yes
configure:4260: checking for main in -lSDL_ttf
configure:4279: g++ -o conftest -g -O2   conftest.cpp -lSDL_ttf  -lSDL_gfx -lSDL_image -lstdc++ -lconfuse  -L/tmp/sdl/lib -Wl,-rpath,/tmp/sdl/lib -lSDL -lpthread >&5
configure:4279: $? = 0
configure:4288: result: yes
configure:4430: creating ./config.status

## ---------------- ##
## Cache variables. ##
## ---------------- ##

ac_cv_c_compiler_gnu=yes
ac_cv_cxx_compiler_gnu=yes
ac_cv_cxx_have_stl=yes
ac_cv_cxx_namespaces=yes
ac_cv_env_CCC_set=
ac_cv_env_CCC_value=
ac_cv_env_CC_set=
ac_cv_env_CC_value=
ac_cv_env_CFLAGS_set=
ac_cv_env_CFLAGS_value=
ac_cv_env_CPPFLAGS_set=
ac_cv_env_CPPFLAGS_value=
ac_cv_env_CXXFLAGS_set=
ac_cv_env_CXXFLAGS_value=
ac_cv_env_CXX_set=
ac_cv_env_CXX_value=
ac_cv_env_LDFLAGS_set=
ac_cv_env_LDFLAGS_value=
ac_cv_env_LIBS_set=
ac_cv_env_LIBS_value=
ac_cv_env_build_alias_set=
ac_cv_env_build_alias_value=
ac_cv_env_host_alias_set=
ac_cv_env_host_alias_value=
ac_cv_env_target_alias_set=
ac_cv_env_target_alias_value=
ac_cv_lib_SDL_gfx_main=yes
ac_cv_lib_SDL_image_main=yes
ac_cv_lib_SDL_ttf_main=yes
ac_cv_lib_confuse_cfg_init=yes
ac_cv_lib_stdcpp_main=yes
ac_cv_objext=o
ac_cv_path_SDL_CONFIG=/usr/local/bin/sdl-config
ac_cv_path_install='/usr/bin/install -c'
ac_cv_prog_AWK=gawk
ac_cv_prog_ac_ct_CC=gcc
ac_cv_prog_ac_ct_CXX=g++
ac_cv_prog_cc_c89=
ac_cv_prog_cc_g=yes
ac_cv_prog_cxx_g=yes
ac_cv_prog_make_make_set=yes
am_cv_CC_dependencies_compiler_type=gcc3
am_cv_CXX_dependencies_compiler_type=gcc3

## ----------------- ##
## Output variables. ##
## ----------------- ##

ACLOCAL='${SHELL} /root/work/lemonlauncher_regamebox/config/missing --run aclocal-1.8'
AMDEPBACKSLASH='\'
AMDEP_FALSE='#'
AMDEP_TRUE=''
AMTAR='${SHELL} /root/work/lemonlauncher_regamebox/config/missing --run tar'
AUTOCONF='${SHELL} /root/work/lemonlauncher_regamebox/config/missing --run autoconf'
AUTOHEADER='${SHELL} /root/work/lemonlauncher_regamebox/config/missing --run autoheader'
AUTOMAKE='${SHELL} /root/work/lemonlauncher_regamebox/config/missing --run automake-1.8'
AWK='gawk'
CC='gcc'
CCDEPMODE='depmode=gcc3'
CFLAGS='-g -O2'
CPPFLAGS=''
CXX='g++'
CXXDEPMODE='depmode=gcc3'
CXXFLAGS='-g -O2'
CYGPATH_W='echo'
DEFAULT_FONT='$(top_srcdir)/VeraBd.ttf'
DEFS='-DHAVE_CONFIG_H'
DEPDIR='.deps'
ECHO_C=''
ECHO_N='-n'
ECHO_T=''
EXEEXT=''
INSTALL_DATA='${INSTALL} -m 644'
INSTALL_PROGRAM='${INSTALL}'
INSTALL_SCRIPT='${INSTALL}'
INSTALL_STRIP_PROGRAM='${SHELL} $(install_sh) -c -s'
LDFLAGS=''
LIBOBJS=''
LIBS='-lSDL_ttf -lSDL_gfx -lSDL_image -lstdc++ -lconfuse  -L/tmp/sdl/lib -Wl,-rpath,/tmp/sdl/lib -lSDL -lpthread'
LTLIBOBJS=''
MAKEINFO='${SHELL} /root/work/lemonlauncher_regamebox/config/missing --run makeinfo'
OBJEXT='o'
PACKAGE='lemon-launcher'
PACKAGE_BUGREPORT='josh@slashdev.ca'
PACKAGE_NAME='Lemon Launcher'
PACKAGE_STRING='Lemon Launcher 0.0.6'
PACKAGE_TARNAME='lemon-launcher'
PACKAGE_URL=''
PACKAGE_VERSION='0.0.6'
PATH_SEPARATOR=':'
SDL_CFLAGS='-I/tmp/sdl/include/SDL -D_GNU_SOURCE=1 -D_REENTRANT'
SDL_CONFIG='/usr/local/bin/sdl-config'
SDL_LIBS='-L/tmp/sdl/lib -Wl,-rpath,/tmp/sdl/lib -lSDL -lpthread'
SET_MAKE=''
SHELL='/bin/sh'
STRIP=''
VERSION='0.0.6'
ac_ct_CC='gcc'
ac_ct_CXX='g++'
am__fastdepCC_FALSE='#'
am__fastdepCC_TRUE=''
am__fastdepCXX_FALSE='#'
am__fastdepCXX_TRUE=''
am__include='include'
am__leading_dot='.'
am__quote=''
bindir='${exec_prefix}/bin'
build_alias=''
datadir='${datarootdir}'
datarootdir='${prefix}/share'
docdir='${datarootdir}/doc/${PACKAGE_TARNAME}'
dvidir='${docdir}'
exec_prefix='${prefix}'
host_alias=''
htmldir='${docdir}'
includedir='${prefix}/include'
infodir='${datarootdir}/info'
install_sh='/root/work/lemonlauncher_regamebox/config/install-sh'
libdir='${exec_prefix}/lib'
libexecdir='${exec_prefix}/libexec'
localedir='${datarootdir}/locale'
localstatedir='${prefix}/var'
mandir='${datarootdir}/man'
mkdir_p='mkdir -p -- .'
oldincludedir='/usr/include'
pdfdir='${docdir}'
prefix='/usr/local'
program_transform_name='s,x,x,'
psdir='${docdir}'
sbindir='${exec_prefix}/sbin'
sharedstatedir='${prefix}/com'
sysconfdir='${prefix}/etc'
target_alias=''

## ----------- ##
## confdefs.h. ##
## ----------- ##

/* confdefs.h */
#define PACKAGE_NAME "Lemon Launcher"
#define PACKAGE_TARNAME "lemon-launcher"
#define PACKAGE_VERSION "0.0.6"
#define PACKAGE_STRING "Lemon Launcher 0.0.6"
#define PACKAGE_BUGREPORT "josh@slashdev.ca"
#define PACKAGE_URL ""
#define PACKAGE "lemon-launcher"
#define VERSION "0.0.6"
#define HAVE_NAMESPACES /**/
#define HAVE_STL /**/
#define HAVE_LIBCONFUSE 1
#define HAVE_LIBSTDC__ 1
#define HAVE_LIBSDL_IMAGE 1
#define HAVE_LIBSDL_GFX 1
#define HAVE_LIBSDL_TTF 1

configure: exit 0

## ---------------------- ##
## Running config.status. ##
## ---------------------- ##

This file was extended by Lemon Launcher config.status 0.0.6, which was
generated by GNU Autoconf 2.69.  Invocation command line was

  CONFIG_FILES    = 
  CONFIG_HEADERS  = 
  CONFIG_LINKS    = 
  CONFIG_COMMANDS = 
  $ ./config.status 

on pi2jamma

config.status:845: creating Makefile
config.status:948: WARNING:  'Makefile.in' seems to ignore the --datarootdir setting
config.status:845: creating src/Makefile
config.status:948: WARNING:  'src/Makefile.in' seems to ignore the --datarootdir setting
config.status:845: creating config.h
config.status:1020: config.h is unchanged
config.status:1067: executing depfiles commands

## ---------------------- ##
## Running config.status. ##
## ---------------------- ##

This file was extended by Lemon Launcher config.status 0.0.6, which was
generated by GNU Autoconf 2.69.  Invocation command line was

  CONFIG_FILES    = 
  CONFIG_HEADERS  = 
  CONFIG_LINKS    = 
  CONFIG_COMMANDS = 
  $ ./config.status config.h

on pi2jamma

config.status:845: creating config.h
config.status:1020: config.h is unchanged
